[debug] [2026-03-26T10:19:38.171Z] ----------------------------------------------------------------------
[debug] [2026-03-26T10:19:38.173Z] Command:       C:\Program Files\nodejs\node.exe C:\Users\anees\AppData\Roaming\npm\node_modules\firebase-tools\lib\bin\firebase.js deploy --only hosting
[debug] [2026-03-26T10:19:38.173Z] CLI Version:   15.11.0
[debug] [2026-03-26T10:19:38.173Z] Platform:      win32
[debug] [2026-03-26T10:19:38.173Z] Node Version:  v22.15.0
[debug] [2026-03-26T10:19:38.174Z] Time:          Thu Mar 26 2026 15:49:38 GMT+0530 (India Standard Time)
[debug] [2026-03-26T10:19:38.174Z] ----------------------------------------------------------------------
[debug] 
[debug] [2026-03-26T10:19:40.405Z] > command requires scopes: ["email","openid","https://www.googleapis.com/auth/cloudplatformprojects.readonly","https://www.googleapis.com/auth/firebase","https://www.googleapis.com/auth/cloud-platform"]
[debug] [2026-03-26T10:19:40.406Z] > authorizing via signed-in user (niyasjahangeer772@gmail.com)
[debug] [2026-03-26T10:19:40.406Z] [iam] checking project medi-ai-f5ab0 for permissions ["firebase.projects.get","firebasehosting.sites.update"]
[debug] [2026-03-26T10:19:40.407Z] Checked if tokens are valid: false, expires at: 1774512233861
[debug] [2026-03-26T10:19:40.407Z] Checked if tokens are valid: false, expires at: 1774512233861
[debug] [2026-03-26T10:19:40.407Z] > refreshing access token with scopes: []
[debug] [2026-03-26T10:19:40.408Z] >>> [apiv2][query] POST https://www.googleapis.com/oauth2/v3/token [none]
[debug] [2026-03-26T10:19:40.408Z] >>> [apiv2][body] POST https://www.googleapis.com/oauth2/v3/token [omitted]
[debug] [2026-03-26T10:19:52.504Z] *** [apiv2] error from fetch(https://www.googleapis.com/oauth2/v3/token, {"headers":{},"method":"POST","body":{"_overheadLength":545,"_valueLength":212,"_valuesToMeasure":[],"writable":false,"readable":true,"dataSize":0,"maxDataSize":2097152,"pauseStreams":true,"_released":true,"_streams":[],"_currentStream":null,"_insideLoop":false,"_pendingNext":false,"_boundary":"--------------------------e05d4b325c643930b2275113","_events":{},"_eventsCount":1}}): FetchError: request to https://www.googleapis.com/oauth2/v3/token failed, reason: getaddrinfo ENOTFOUND www.googleapis.com
[error] Authentication Error: Your credentials are no longer valid. Please run firebase login --reauth

For CI servers and headless environments, generate a new token with firebase login:ci
[debug] [2026-03-26T10:19:52.505Z] [iam] error while checking permissions, command may fail: Authentication Error: Your credentials are no longer valid. Please run firebase login --reauth

For CI servers and headless environments, generate a new token with firebase login:ci
[debug] [2026-03-26T10:19:52.506Z] Checked if tokens are valid: false, expires at: 1774512233861
[debug] [2026-03-26T10:19:52.506Z] Checked if tokens are valid: false, expires at: 1774512233861
[debug] [2026-03-26T10:19:52.506Z] > refreshing access token with scopes: []
[debug] [2026-03-26T10:19:52.506Z] >>> [apiv2][query] POST https://www.googleapis.com/oauth2/v3/token [none]
[debug] [2026-03-26T10:19:52.506Z] >>> [apiv2][body] POST https://www.googleapis.com/oauth2/v3/token [omitted]
[debug] [2026-03-26T10:20:04.537Z] *** [apiv2] error from fetch(https://www.googleapis.com/oauth2/v3/token, {"headers":{},"method":"POST","body":{"_overheadLength":545,"_valueLength":212,"_valuesToMeasure":[],"writable":false,"readable":true,"dataSize":0,"maxDataSize":2097152,"pauseStreams":true,"_released":true,"_streams":[],"_currentStream":null,"_insideLoop":false,"_pendingNext":false,"_boundary":"--------------------------09868e594f8ff78423cf06a6","_events":{},"_eventsCount":1}}): FetchError: request to https://www.googleapis.com/oauth2/v3/token failed, reason: getaddrinfo ENOTFOUND www.googleapis.com
[error] Authentication Error: Your credentials are no longer valid. Please run firebase login --reauth

For CI servers and headless environments, generate a new token with firebase login:ci
[debug] [2026-03-26T10:20:04.537Z] Authentication Error: Your credentials are no longer valid. Please run firebase login --reauth

For CI servers and headless environments, generate a new token with firebase login:ci
[debug] [2026-03-26T10:20:04.539Z] Checked if tokens are valid: false, expires at: 1774512233861
[debug] [2026-03-26T10:20:04.539Z] Checked if tokens are valid: false, expires at: 1774512233861
[debug] [2026-03-26T10:20:04.539Z] > refreshing access token with scopes: []
[debug] [2026-03-26T10:20:04.539Z] >>> [apiv2][query] POST https://www.googleapis.com/oauth2/v3/token [none]
[debug] [2026-03-26T10:20:04.539Z] >>> [apiv2][body] POST https://www.googleapis.com/oauth2/v3/token [omitted]
[debug] [2026-03-26T10:20:16.567Z] *** [apiv2] error from fetch(https://www.googleapis.com/oauth2/v3/token, {"headers":{},"method":"POST","body":{"_overheadLength":545,"_valueLength":212,"_valuesToMeasure":[],"writable":false,"readable":true,"dataSize":0,"maxDataSize":2097152,"pauseStreams":true,"_released":true,"_streams":[],"_currentStream":null,"_insideLoop":false,"_pendingNext":false,"_boundary":"--------------------------1a2ed262710c008d3fea9c18","_events":{},"_eventsCount":1}}): FetchError: request to https://www.googleapis.com/oauth2/v3/token failed, reason: getaddrinfo ENOTFOUND www.googleapis.com
[error] Authentication Error: Your credentials are no longer valid. Please run firebase login --reauth

For CI servers and headless environments, generate a new token with firebase login:ci
[debug] [2026-03-26T10:20:16.568Z] Authentication Error: Your credentials are no longer valid. Please run firebase login --reauth

For CI servers and headless environments, generate a new token with firebase login:ci
[debug] [2026-03-26T10:20:18.571Z] Checked if tokens are valid: false, expires at: 1774512233861
[debug] [2026-03-26T10:20:18.571Z] Checked if tokens are valid: false, expires at: 1774512233861
[debug] [2026-03-26T10:20:18.571Z] > refreshing access token with scopes: []
[debug] [2026-03-26T10:20:18.571Z] >>> [apiv2][query] POST https://www.googleapis.com/oauth2/v3/token [none]
[debug] [2026-03-26T10:20:18.571Z] >>> [apiv2][body] POST https://www.googleapis.com/oauth2/v3/token [omitted]
[debug] [2026-03-26T10:20:30.597Z] *** [apiv2] error from fetch(https://www.googleapis.com/oauth2/v3/token, {"headers":{},"method":"POST","body":{"_overheadLength":545,"_valueLength":212,"_valuesToMeasure":[],"writable":false,"readable":true,"dataSize":0,"maxDataSize":2097152,"pauseStreams":true,"_released":true,"_streams":[],"_currentStream":null,"_insideLoop":false,"_pendingNext":false,"_boundary":"--------------------------78846a45765a9dba3784f296","_events":{},"_eventsCount":1}}): FetchError: request to https://www.googleapis.com/oauth2/v3/token failed, reason: getaddrinfo ENOTFOUND www.googleapis.com
[error] Authentication Error: Your credentials are no longer valid. Please run firebase login --reauth

For CI servers and headless environments, generate a new token with firebase login:ci
[debug] [2026-03-26T10:20:35.606Z] Error: Timed out.
    at Timeout._onTimeout (C:\Users\anees\AppData\Roaming\npm\node_modules\firebase-tools\lib\utils.js:308:49)
    at listOnTimeout (node:internal/timers:588:17)
    at process.processTimers (node:internal/timers:523:7)
[error] 
[error] Error: An unexpected error has occurred.
